2020-06-13 06:45:37.272  INFO 58310 --- [main] c.t.ManagementplatformApplicationTests   : Starting ManagementplatformApplicationTests on 192.168.0.100 with PID 58310 (started by mac in /Users/mac/大学学习整理/java/managementplatform2)
2020-06-13 06:45:37.290  INFO 58310 --- [main] c.t.ManagementplatformApplicationTests   : No active profile set, falling back to default profiles: default
2020-06-13 06:45:39.992  INFO 58310 --- [main] o.s.b.w.embedded.tomcat.TomcatWebServer  : Tomcat initialized with port(s): 0 (http)
2020-06-13 06:45:40.033  INFO 58310 --- [main] o.apache.catalina.core.StandardService   : Starting service [Tomcat]
2020-06-13 06:45:40.035  INFO 58310 --- [main] org.apache.catalina.core.StandardEngine  : Starting Servlet engine: [Apache Tomcat/9.0.34]
2020-06-13 06:45:40.337  INFO 58310 --- [main] o.a.c.c.C.[Tomcat].[localhost].[/]       : Initializing Spring embedded WebApplicationContext
2020-06-13 06:45:40.337  INFO 58310 --- [main] o.s.web.context.ContextLoader            : Root WebApplicationContext: initialization completed in 2995 ms
2020-06-13 06:45:40.617  INFO 58310 --- [main] o.s.boot.web.servlet.RegistrationBean    : Filter webStatFilter was not registered (possibly already registered?)
2020-06-13 06:45:40.619  INFO 58310 --- [main] o.s.boot.web.servlet.RegistrationBean    : Servlet statViewServlet was not registered (possibly already registered?)
2020-06-13 06:45:42.237  INFO 58310 --- [main] o.s.s.web.DefaultSecurityFilterChain     : Creating filter chain: any request, [org.springframework.security.web.context.request.async.WebAsyncManagerIntegrationFilter@326e0b8e, org.springframework.security.web.context.SecurityContextPersistenceFilter@97a145b, org.springframework.security.web.header.HeaderWriterFilter@176555c, org.springframework.security.web.authentication.logout.LogoutFilter@3ce443f9, org.springframework.security.web.authentication.UsernamePasswordAuthenticationFilter@1d6d1d42, org.springframework.security.web.authentication.ui.DefaultLoginPageGeneratingFilter@44a085e5, org.springframework.security.web.authentication.ui.DefaultLogoutPageGeneratingFilter@36baa049, org.springframework.security.web.savedrequest.RequestCacheAwareFilter@157ec23b, org.springframework.security.web.servletapi.SecurityContextHolderAwareRequestFilter@66f28a1f, org.springframework.security.web.authentication.AnonymousAuthenticationFilter@41184371, org.springframework.security.web.session.SessionManagementFilter@795f8317, org.springframework.security.web.access.ExceptionTranslationFilter@66236a0a, org.springframework.security.web.access.intercept.FilterSecurityInterceptor@10a98392]
2020-06-13 06:45:42.528  INFO 58310 --- [main] o.s.s.concurrent.ThreadPoolTaskExecutor  : Initializing ExecutorService 'applicationTaskExecutor'
2020-06-13 06:45:44.490  INFO 58310 --- [main] o.s.b.w.embedded.tomcat.TomcatWebServer  : Tomcat started on port(s): 54688 (http) with context path ''
2020-06-13 06:45:44.497  INFO 58310 --- [main] c.t.ManagementplatformApplicationTests   : Started ManagementplatformApplicationTests in 7.757 seconds (JVM running for 9.09)
2020-06-13 06:45:45.371  INFO 58310 --- [main] c.t.ManagementplatformApplicationTests   : 12345
2020-06-13 06:45:45.466  INFO 58310 --- [SpringContextShutdownHook] o.s.s.concurrent.ThreadPoolTaskExecutor  : Shutting down ExecutorService 'applicationTaskExecutor'
2020-06-13 07:03:21.852  INFO 58801 --- [main] c.t.ManagementplatformApplicationTests   : Starting ManagementplatformApplicationTests on 192.168.0.100 with PID 58801 (started by mac in /Users/mac/大学学习整理/java/managementplatform2)
2020-06-13 07:03:21.859  INFO 58801 --- [main] c.t.ManagementplatformApplicationTests   : No active profile set, falling back to default profiles: default
2020-06-13 07:03:23.787  INFO 58801 --- [main] o.s.b.w.embedded.tomcat.TomcatWebServer  : Tomcat initialized with port(s): 0 (http)
2020-06-13 07:03:23.804  INFO 58801 --- [main] o.apache.catalina.core.StandardService   : Starting service [Tomcat]
2020-06-13 07:03:23.805  INFO 58801 --- [main] org.apache.catalina.core.StandardEngine  : Starting Servlet engine: [Apache Tomcat/9.0.34]
2020-06-13 07:03:23.914  INFO 58801 --- [main] o.a.c.c.C.[Tomcat].[localhost].[/]       : Initializing Spring embedded WebApplicationContext
2020-06-13 07:03:23.915  INFO 58801 --- [main] o.s.web.context.ContextLoader            : Root WebApplicationContext: initialization completed in 2026 ms
2020-06-13 07:03:24.073  INFO 58801 --- [main] o.s.boot.web.servlet.RegistrationBean    : Filter webStatFilter was not registered (possibly already registered?)
2020-06-13 07:03:24.075  INFO 58801 --- [main] o.s.boot.web.servlet.RegistrationBean    : Servlet statViewServlet was not registered (possibly already registered?)
2020-06-13 07:03:25.218  INFO 58801 --- [main] o.s.s.web.DefaultSecurityFilterChain     : Creating filter chain: any request, [org.springframework.security.web.context.request.async.WebAsyncManagerIntegrationFilter@167381c7, org.springframework.security.web.context.SecurityContextPersistenceFilter@3166f664, org.springframework.security.web.header.HeaderWriterFilter@c386958, org.springframework.security.web.authentication.logout.LogoutFilter@2806d6da, org.springframework.security.web.authentication.UsernamePasswordAuthenticationFilter@57545c3f, org.springframework.security.web.authentication.ui.DefaultLoginPageGeneratingFilter@3902bd2c, org.springframework.security.web.authentication.ui.DefaultLogoutPageGeneratingFilter@608b1fd2, org.springframework.security.web.savedrequest.RequestCacheAwareFilter@60d6fdd4, org.springframework.security.web.servletapi.SecurityContextHolderAwareRequestFilter@4db60246, org.springframework.security.web.authentication.AnonymousAuthenticationFilter@56382bc9, org.springframework.security.web.session.SessionManagementFilter@44d64d4e, org.springframework.security.web.access.ExceptionTranslationFilter@633fd91, org.springframework.security.web.access.intercept.FilterSecurityInterceptor@ceddaf8]
2020-06-13 07:03:25.464  INFO 58801 --- [main] o.s.s.concurrent.ThreadPoolTaskExecutor  : Initializing ExecutorService 'applicationTaskExecutor'
2020-06-13 07:03:26.015  INFO 58801 --- [main] o.s.b.w.embedded.tomcat.TomcatWebServer  : Tomcat started on port(s): 59272 (http) with context path ''
2020-06-13 07:03:26.018  INFO 58801 --- [main] c.t.ManagementplatformApplicationTests   : Started ManagementplatformApplicationTests in 4.753 seconds (JVM running for 5.794)
2020-06-13 07:03:26.253  INFO 58801 --- [main] c.t.ManagementplatformApplicationTests   : 12345
2020-06-13 07:03:26.322  INFO 58801 --- [SpringContextShutdownHook] o.s.s.concurrent.ThreadPoolTaskExecutor  : Shutting down ExecutorService 'applicationTaskExecutor'
2020-06-13 08:55:58.971  INFO 62771 --- [main] c.t.ManagementplatformApplicationTests   : Starting ManagementplatformApplicationTests on 192.168.0.100 with PID 62771 (started by mac in /Users/mac/大学学习整理/java/managementplatform2)
2020-06-13 08:55:58.973  INFO 62771 --- [main] c.t.ManagementplatformApplicationTests   : No active profile set, falling back to default profiles: default
2020-06-13 08:56:01.069  INFO 62771 --- [main] o.s.b.w.embedded.tomcat.TomcatWebServer  : Tomcat initialized with port(s): 0 (http)
2020-06-13 08:56:01.081  INFO 62771 --- [main] o.apache.catalina.core.StandardService   : Starting service [Tomcat]
2020-06-13 08:56:01.081  INFO 62771 --- [main] org.apache.catalina.core.StandardEngine  : Starting Servlet engine: [Apache Tomcat/9.0.34]
2020-06-13 08:56:01.172  INFO 62771 --- [main] o.a.c.c.C.[Tomcat].[localhost].[/]       : Initializing Spring embedded WebApplicationContext
2020-06-13 08:56:01.172  INFO 62771 --- [main] o.s.web.context.ContextLoader            : Root WebApplicationContext: initialization completed in 2121 ms
2020-06-13 08:56:01.352  INFO 62771 --- [main] o.s.boot.web.servlet.RegistrationBean    : Filter webStatFilter was not registered (possibly already registered?)
2020-06-13 08:56:01.354  INFO 62771 --- [main] o.s.boot.web.servlet.RegistrationBean    : Servlet statViewServlet was not registered (possibly already registered?)
2020-06-13 08:56:02.536  INFO 62771 --- [main] o.s.s.web.DefaultSecurityFilterChain     : Creating filter chain: any request, [org.springframework.security.web.context.request.async.WebAsyncManagerIntegrationFilter@7fb53256, org.springframework.security.web.context.SecurityContextPersistenceFilter@66236a0a, org.springframework.security.web.header.HeaderWriterFilter@7f608e21, org.springframework.security.web.authentication.logout.LogoutFilter@3902bd2c, org.springframework.security.web.authentication.UsernamePasswordAuthenticationFilter@5f174dd2, org.springframework.security.web.authentication.ui.DefaultLoginPageGeneratingFilter@44d64d4e, org.springframework.security.web.authentication.ui.DefaultLogoutPageGeneratingFilter@1d6d1d42, org.springframework.security.web.savedrequest.RequestCacheAwareFilter@77c10a5f, org.springframework.security.web.servletapi.SecurityContextHolderAwareRequestFilter@c386958, org.springframework.security.web.authentication.AnonymousAuthenticationFilter@27329d2a, org.springframework.security.web.session.SessionManagementFilter@210d2a6c, org.springframework.security.web.access.ExceptionTranslationFilter@3c854752, org.springframework.security.web.access.intercept.FilterSecurityInterceptor@1d50a7ca]
2020-06-13 08:56:02.904  INFO 62771 --- [main] o.s.s.concurrent.ThreadPoolTaskExecutor  : Initializing ExecutorService 'applicationTaskExecutor'
2020-06-13 08:56:03.483  INFO 62771 --- [main] o.s.b.w.embedded.tomcat.TomcatWebServer  : Tomcat started on port(s): 55486 (http) with context path ''
2020-06-13 08:56:03.487  INFO 62771 --- [main] c.t.ManagementplatformApplicationTests   : Started ManagementplatformApplicationTests in 4.985 seconds (JVM running for 6.189)
2020-06-13 08:56:03.714  INFO 62771 --- [main] c.t.ManagementplatformApplicationTests   : 12345
2020-06-13 08:56:03.822  INFO 62771 --- [SpringContextShutdownHook] o.s.s.concurrent.ThreadPoolTaskExecutor  : Shutting down ExecutorService 'applicationTaskExecutor'
