2020-06-06 19:23:48.799  INFO 10610 --- [main] com.tapd.ManagementplatformApplication   : Starting ManagementplatformApplication v0.0.1-SNAPSHOT on 192.168.0.100 with PID 10610 (/Users/mac/大学学习整理/java/managementplatform2/target/managementplatform-0.0.1-SNAPSHOT.jar started by mac in /Users/mac/大学学习整理/java/managementplatform2/target)
2020-06-06 19:23:48.804  INFO 10610 --- [main] com.tapd.ManagementplatformApplication   : No active profile set, falling back to default profiles: default
2020-06-06 19:23:51.114  INFO 10610 --- [main] o.s.b.w.embedded.tomcat.TomcatWebServer  : Tomcat initialized with port(s): 8080 (http)
2020-06-06 19:23:51.150  INFO 10610 --- [main] o.apache.catalina.core.StandardService   : Starting service [Tomcat]
2020-06-06 19:23:51.151  INFO 10610 --- [main] org.apache.catalina.core.StandardEngine  : Starting Servlet engine: [Apache Tomcat/9.0.34]
2020-06-06 19:23:51.284  INFO 10610 --- [main] o.a.c.c.C.[Tomcat].[localhost].[/]       : Initializing Spring embedded WebApplicationContext
2020-06-06 19:23:51.284  INFO 10610 --- [main] o.s.web.context.ContextLoader            : Root WebApplicationContext: initialization completed in 2378 ms
2020-06-06 19:23:51.357  INFO 10610 --- [main] o.s.boot.web.servlet.RegistrationBean    : Filter webStatFilter was not registered (possibly already registered?)
2020-06-06 19:23:51.359  INFO 10610 --- [main] o.s.boot.web.servlet.RegistrationBean    : Servlet statViewServlet was not registered (possibly already registered?)
2020-06-06 19:23:52.307  INFO 10610 --- [main] o.s.s.web.DefaultSecurityFilterChain     : Creating filter chain: any request, [org.springframework.security.web.context.request.async.WebAsyncManagerIntegrationFilter@66ea1466, org.springframework.security.web.context.SecurityContextPersistenceFilter@8a589a2, org.springframework.security.web.header.HeaderWriterFilter@6fefce9e, org.springframework.security.web.authentication.logout.LogoutFilter@4a8ab068, org.springframework.security.web.authentication.UsernamePasswordAuthenticationFilter@49f5c307, org.springframework.security.web.authentication.ui.DefaultLoginPageGeneratingFilter@5cc69cfe, org.springframework.security.web.authentication.ui.DefaultLogoutPageGeneratingFilter@1601e47, org.springframework.security.web.savedrequest.RequestCacheAwareFilter@6b5176f2, org.springframework.security.web.servletapi.SecurityContextHolderAwareRequestFilter@6e46d9f4, org.springframework.security.web.authentication.AnonymousAuthenticationFilter@3bffddff, org.springframework.security.web.session.SessionManagementFilter@1bdf8190, org.springframework.security.web.access.ExceptionTranslationFilter@f9b7332, org.springframework.security.web.access.intercept.FilterSecurityInterceptor@21526f6c]
2020-06-06 19:23:52.517  INFO 10610 --- [main] o.s.s.concurrent.ThreadPoolTaskExecutor  : Initializing ExecutorService 'applicationTaskExecutor'
2020-06-06 19:23:52.985  INFO 10610 --- [main] o.s.b.w.embedded.tomcat.TomcatWebServer  : Tomcat started on port(s): 8080 (http) with context path ''
2020-06-06 19:23:52.991  INFO 10610 --- [main] com.tapd.ManagementplatformApplication   : Started ManagementplatformApplication in 5.169 seconds (JVM running for 6.108)
2020-06-06 19:24:01.526  INFO 10610 --- [http-nio-8080-exec-1] o.a.c.c.C.[Tomcat].[localhost].[/]       : Initializing Spring DispatcherServlet 'dispatcherServlet'
2020-06-06 19:24:01.528  INFO 10610 --- [http-nio-8080-exec-1] o.s.web.servlet.DispatcherServlet        : Initializing Servlet 'dispatcherServlet'
2020-06-06 19:24:01.554  INFO 10610 --- [http-nio-8080-exec-1] o.s.web.servlet.DispatcherServlet        : Completed initialization in 24 ms
2020-06-06 19:24:07.535  INFO 10610 --- [http-nio-8080-exec-6] com.alibaba.druid.pool.DruidDataSource   : {dataSource-1} inited
2020-06-06 19:24:18.087  WARN 10610 --- [http-nio-8080-exec-10] .w.s.m.s.DefaultHandlerExceptionResolver : Resolved [org.springframework.web.HttpMediaTypeNotSupportedException: Content type 'application/x-www-form-urlencoded;charset=UTF-8' not supported]
2020-06-06 19:24:57.957  WARN 10610 --- [http-nio-8080-exec-1] .w.s.m.s.DefaultHandlerExceptionResolver : Resolved [org.springframework.web.HttpMediaTypeNotSupportedException: Content type 'application/x-www-form-urlencoded;charset=UTF-8' not supported]
2020-06-06 19:25:14.792  WARN 10610 --- [http-nio-8080-exec-9] .w.s.m.s.DefaultHandlerExceptionResolver : Resolved [org.springframework.web.HttpMediaTypeNotSupportedException: Content type 'application/x-www-form-urlencoded;charset=UTF-8' not supported]
2020-06-06 19:28:23.247  INFO 10610 --- [SpringContextShutdownHook] o.s.s.concurrent.ThreadPoolTaskExecutor  : Shutting down ExecutorService 'applicationTaskExecutor'
2020-06-06 19:28:23.275  INFO 10610 --- [SpringContextShutdownHook] com.alibaba.druid.pool.DruidDataSource   : {dataSource-1} closed
